/usr/bin/cmake -H/home/douglas/dash-apps/lulesh -B/home/douglas/dash-apps/lulesh/build --check-build-system CMakeFiles/Makefile.cmake 0
/usr/bin/cmake -E cmake_progress_start /home/douglas/dash-apps/lulesh/build/CMakeFiles /home/douglas/dash-apps/lulesh/build/CMakeFiles/progress.marks
make -f CMakeFiles/Makefile2 all
make[1]: Entering directory '/home/douglas/dash-apps/lulesh/build'
make -f CMakeFiles/lulesh.dir/build.make CMakeFiles/lulesh.dir/depend
make[2]: Entering directory '/home/douglas/dash-apps/lulesh/build'
cd /home/douglas/dash-apps/lulesh/build && /usr/bin/cmake -E cmake_depends "Unix Makefiles" /home/douglas/dash-apps/lulesh /home/douglas/dash-apps/lulesh /home/douglas/dash-apps/lulesh/build /home/douglas/dash-apps/lulesh/build /home/douglas/dash-apps/lulesh/build/CMakeFiles/lulesh.dir/DependInfo.cmake --color=
Dependee "/home/douglas/dash-apps/lulesh/build/CMakeFiles/lulesh.dir/DependInfo.cmake" is newer than depender "/home/douglas/dash-apps/lulesh/build/CMakeFiles/lulesh.dir/depend.internal".
Dependee "/home/douglas/dash-apps/lulesh/build/CMakeFiles/CMakeDirectoryInformation.cmake" is newer than depender "/home/douglas/dash-apps/lulesh/build/CMakeFiles/lulesh.dir/depend.internal".
Scanning dependencies of target lulesh
make[2]: Leaving directory '/home/douglas/dash-apps/lulesh/build'
make -f CMakeFiles/lulesh.dir/build.make CMakeFiles/lulesh.dir/build
make[2]: Entering directory '/home/douglas/dash-apps/lulesh/build'
[  9%] Building CXX object CMakeFiles/lulesh.dir/lulesh-calc.cc.o
/usr/bin/c++   -isystem /home/douglas/opt/dash-0.3.0/include  -I/usr/include/mpich  -DDASH_MPI_IMPL_ID='mpich' -DMPICH_SKIP_MPICXX  -DDASH -DDASH_ENABLE_DEFAULT_INDEX_TYPE_LONG -DDASH_ENABLE_THREADSUPPORT -DDASH_ENABLE_UNIFIED_MEMORY_MODEL -DDASH_ENABLE_TEST_LOGGING -DDASH_ENABLE_NUMA -DDASH_HAVE_STD_TRIVIALLY_COPYABLE -DDASH_ENV_HOST_SYSTEM_ID='default' -fopenmp -O3 -DNDEBUG  -Ofast -DDASH_RELEASE -O3 -Ofast -DUSE_DASH -O3 -DNDEBUG   -std=gnu++11 -o CMakeFiles/lulesh.dir/lulesh-calc.cc.o -c /home/douglas/dash-apps/lulesh/lulesh-calc.cc
[ 18%] Building CXX object CMakeFiles/lulesh.dir/lulesh-comm-dash-onesided.cc.o
/usr/bin/c++   -isystem /home/douglas/opt/dash-0.3.0/include  -I/usr/include/mpich  -DDASH_MPI_IMPL_ID='mpich' -DMPICH_SKIP_MPICXX  -DDASH -DDASH_ENABLE_DEFAULT_INDEX_TYPE_LONG -DDASH_ENABLE_THREADSUPPORT -DDASH_ENABLE_UNIFIED_MEMORY_MODEL -DDASH_ENABLE_TEST_LOGGING -DDASH_ENABLE_NUMA -DDASH_HAVE_STD_TRIVIALLY_COPYABLE -DDASH_ENV_HOST_SYSTEM_ID='default' -fopenmp -O3 -DNDEBUG  -Ofast -DDASH_RELEASE -O3 -Ofast -DUSE_DASH -O3 -DNDEBUG   -std=gnu++11 -o CMakeFiles/lulesh.dir/lulesh-comm-dash-onesided.cc.o -c /home/douglas/dash-apps/lulesh/lulesh-comm-dash-onesided.cc
[ 27%] Building CXX object CMakeFiles/lulesh.dir/lulesh-comm-dash.cc.o
/usr/bin/c++   -isystem /home/douglas/opt/dash-0.3.0/include  -I/usr/include/mpich  -DDASH_MPI_IMPL_ID='mpich' -DMPICH_SKIP_MPICXX  -DDASH -DDASH_ENABLE_DEFAULT_INDEX_TYPE_LONG -DDASH_ENABLE_THREADSUPPORT -DDASH_ENABLE_UNIFIED_MEMORY_MODEL -DDASH_ENABLE_TEST_LOGGING -DDASH_ENABLE_NUMA -DDASH_HAVE_STD_TRIVIALLY_COPYABLE -DDASH_ENV_HOST_SYSTEM_ID='default' -fopenmp -O3 -DNDEBUG  -Ofast -DDASH_RELEASE -O3 -Ofast -DUSE_DASH -O3 -DNDEBUG   -std=gnu++11 -o CMakeFiles/lulesh.dir/lulesh-comm-dash.cc.o -c /home/douglas/dash-apps/lulesh/lulesh-comm-dash.cc
[ 36%] Building CXX object CMakeFiles/lulesh.dir/lulesh-comm-mpi-sendrecv.cc.o
/usr/bin/c++   -isystem /home/douglas/opt/dash-0.3.0/include  -I/usr/include/mpich  -DDASH_MPI_IMPL_ID='mpich' -DMPICH_SKIP_MPICXX  -DDASH -DDASH_ENABLE_DEFAULT_INDEX_TYPE_LONG -DDASH_ENABLE_THREADSUPPORT -DDASH_ENABLE_UNIFIED_MEMORY_MODEL -DDASH_ENABLE_TEST_LOGGING -DDASH_ENABLE_NUMA -DDASH_HAVE_STD_TRIVIALLY_COPYABLE -DDASH_ENV_HOST_SYSTEM_ID='default' -fopenmp -O3 -DNDEBUG  -Ofast -DDASH_RELEASE -O3 -Ofast -DUSE_DASH -O3 -DNDEBUG   -std=gnu++11 -o CMakeFiles/lulesh.dir/lulesh-comm-mpi-sendrecv.cc.o -c /home/douglas/dash-apps/lulesh/lulesh-comm-mpi-sendrecv.cc
[ 45%] Building CXX object CMakeFiles/lulesh.dir/lulesh-comm-mpi.cc.o
/usr/bin/c++   -isystem /home/douglas/opt/dash-0.3.0/include  -I/usr/include/mpich  -DDASH_MPI_IMPL_ID='mpich' -DMPICH_SKIP_MPICXX  -DDASH -DDASH_ENABLE_DEFAULT_INDEX_TYPE_LONG -DDASH_ENABLE_THREADSUPPORT -DDASH_ENABLE_UNIFIED_MEMORY_MODEL -DDASH_ENABLE_TEST_LOGGING -DDASH_ENABLE_NUMA -DDASH_HAVE_STD_TRIVIALLY_COPYABLE -DDASH_ENV_HOST_SYSTEM_ID='default' -fopenmp -O3 -DNDEBUG  -Ofast -DDASH_RELEASE -O3 -Ofast -DUSE_DASH -O3 -DNDEBUG   -std=gnu++11 -o CMakeFiles/lulesh.dir/lulesh-comm-mpi.cc.o -c /home/douglas/dash-apps/lulesh/lulesh-comm-mpi.cc
[ 54%] Building CXX object CMakeFiles/lulesh.dir/lulesh-dash-regions.cc.o
/usr/bin/c++   -isystem /home/douglas/opt/dash-0.3.0/include  -I/usr/include/mpich  -DDASH_MPI_IMPL_ID='mpich' -DMPICH_SKIP_MPICXX  -DDASH -DDASH_ENABLE_DEFAULT_INDEX_TYPE_LONG -DDASH_ENABLE_THREADSUPPORT -DDASH_ENABLE_UNIFIED_MEMORY_MODEL -DDASH_ENABLE_TEST_LOGGING -DDASH_ENABLE_NUMA -DDASH_HAVE_STD_TRIVIALLY_COPYABLE -DDASH_ENV_HOST_SYSTEM_ID='default' -fopenmp -O3 -DNDEBUG  -Ofast -DDASH_RELEASE -O3 -Ofast -DUSE_DASH -O3 -DNDEBUG   -std=gnu++11 -o CMakeFiles/lulesh.dir/lulesh-dash-regions.cc.o -c /home/douglas/dash-apps/lulesh/lulesh-dash-regions.cc
[ 63%] Building CXX object CMakeFiles/lulesh.dir/lulesh-dash.cc.o
/usr/bin/c++   -isystem /home/douglas/opt/dash-0.3.0/include  -I/usr/include/mpich  -DDASH_MPI_IMPL_ID='mpich' -DMPICH_SKIP_MPICXX  -DDASH -DDASH_ENABLE_DEFAULT_INDEX_TYPE_LONG -DDASH_ENABLE_THREADSUPPORT -DDASH_ENABLE_UNIFIED_MEMORY_MODEL -DDASH_ENABLE_TEST_LOGGING -DDASH_ENABLE_NUMA -DDASH_HAVE_STD_TRIVIALLY_COPYABLE -DDASH_ENV_HOST_SYSTEM_ID='default' -fopenmp -O3 -DNDEBUG  -Ofast -DDASH_RELEASE -O3 -Ofast -DUSE_DASH -O3 -DNDEBUG   -std=gnu++11 -o CMakeFiles/lulesh.dir/lulesh-dash.cc.o -c /home/douglas/dash-apps/lulesh/lulesh-dash.cc
[ 72%] Building CXX object CMakeFiles/lulesh.dir/lulesh-opts.cc.o
/usr/bin/c++   -isystem /home/douglas/opt/dash-0.3.0/include  -I/usr/include/mpich  -DDASH_MPI_IMPL_ID='mpich' -DMPICH_SKIP_MPICXX  -DDASH -DDASH_ENABLE_DEFAULT_INDEX_TYPE_LONG -DDASH_ENABLE_THREADSUPPORT -DDASH_ENABLE_UNIFIED_MEMORY_MODEL -DDASH_ENABLE_TEST_LOGGING -DDASH_ENABLE_NUMA -DDASH_HAVE_STD_TRIVIALLY_COPYABLE -DDASH_ENV_HOST_SYSTEM_ID='default' -fopenmp -O3 -DNDEBUG  -Ofast -DDASH_RELEASE -O3 -Ofast -DUSE_DASH -O3 -DNDEBUG   -std=gnu++11 -o CMakeFiles/lulesh.dir/lulesh-opts.cc.o -c /home/douglas/dash-apps/lulesh/lulesh-opts.cc
[ 81%] Building CXX object CMakeFiles/lulesh.dir/lulesh-util.cc.o
/usr/bin/c++   -isystem /home/douglas/opt/dash-0.3.0/include  -I/usr/include/mpich  -DDASH_MPI_IMPL_ID='mpich' -DMPICH_SKIP_MPICXX  -DDASH -DDASH_ENABLE_DEFAULT_INDEX_TYPE_LONG -DDASH_ENABLE_THREADSUPPORT -DDASH_ENABLE_UNIFIED_MEMORY_MODEL -DDASH_ENABLE_TEST_LOGGING -DDASH_ENABLE_NUMA -DDASH_HAVE_STD_TRIVIALLY_COPYABLE -DDASH_ENV_HOST_SYSTEM_ID='default' -fopenmp -O3 -DNDEBUG  -Ofast -DDASH_RELEASE -O3 -Ofast -DUSE_DASH -O3 -DNDEBUG   -std=gnu++11 -o CMakeFiles/lulesh.dir/lulesh-util.cc.o -c /home/douglas/dash-apps/lulesh/lulesh-util.cc
[ 90%] Building CXX object CMakeFiles/lulesh.dir/lulesh.cc.o
/usr/bin/c++   -isystem /home/douglas/opt/dash-0.3.0/include  -I/usr/include/mpich  -DDASH_MPI_IMPL_ID='mpich' -DMPICH_SKIP_MPICXX  -DDASH -DDASH_ENABLE_DEFAULT_INDEX_TYPE_LONG -DDASH_ENABLE_THREADSUPPORT -DDASH_ENABLE_UNIFIED_MEMORY_MODEL -DDASH_ENABLE_TEST_LOGGING -DDASH_ENABLE_NUMA -DDASH_HAVE_STD_TRIVIALLY_COPYABLE -DDASH_ENV_HOST_SYSTEM_ID='default' -fopenmp -O3 -DNDEBUG  -Ofast -DDASH_RELEASE -O3 -Ofast -DUSE_DASH -O3 -DNDEBUG   -std=gnu++11 -o CMakeFiles/lulesh.dir/lulesh.cc.o -c /home/douglas/dash-apps/lulesh/lulesh.cc
[100%] Linking CXX executable lulesh
/usr/bin/cmake -E cmake_link_script CMakeFiles/lulesh.dir/link.txt --verbose=1
/usr/bin/c++   -I/usr/include/mpich  -DDASH_MPI_IMPL_ID='mpich' -DMPICH_SKIP_MPICXX  -DDASH -DDASH_ENABLE_DEFAULT_INDEX_TYPE_LONG -DDASH_ENABLE_THREADSUPPORT -DDASH_ENABLE_UNIFIED_MEMORY_MODEL -DDASH_ENABLE_TEST_LOGGING -DDASH_ENABLE_NUMA -DDASH_HAVE_STD_TRIVIALLY_COPYABLE -DDASH_ENV_HOST_SYSTEM_ID='default' -fopenmp -O3 -DNDEBUG  -Ofast -DDASH_RELEASE -O3 -Ofast -DUSE_DASH -O3 -DNDEBUG  -rdynamic -Wl,-Bsymbolic-functions -Wl,-z,relro CMakeFiles/lulesh.dir/lulesh-calc.cc.o CMakeFiles/lulesh.dir/lulesh-comm-dash-onesided.cc.o CMakeFiles/lulesh.dir/lulesh-comm-dash.cc.o CMakeFiles/lulesh.dir/lulesh-comm-mpi-sendrecv.cc.o CMakeFiles/lulesh.dir/lulesh-comm-mpi.cc.o CMakeFiles/lulesh.dir/lulesh-dash-regions.cc.o CMakeFiles/lulesh.dir/lulesh-dash.cc.o CMakeFiles/lulesh.dir/lulesh-opts.cc.o CMakeFiles/lulesh.dir/lulesh-util.cc.o CMakeFiles/lulesh.dir/lulesh.cc.o  -o lulesh /home/douglas/opt/dash-0.3.0/lib/libdash-mpi.a /home/douglas/opt/dash-0.3.0/lib/libdart-mpi.a -lmpich -lpthread -lmpich /home/douglas/opt/dash-0.3.0/lib/libdart-base.a -lrt -lnuma 
make[2]: Leaving directory '/home/douglas/dash-apps/lulesh/build'
[100%] Built target lulesh
make[1]: Leaving directory '/home/douglas/dash-apps/lulesh/build'
/usr/bin/cmake -E cmake_progress_start /home/douglas/dash-apps/lulesh/build/CMakeFiles 0
